#
# There is insufficient memory for the Java Runtime Environment to continue.
# Native memory allocation (mmap) failed to map 67108864 bytes for Failed to commit area from 0x00000000c1400000 to 0x00000000c5400000 of length 67108864.
# Possible reasons:
#   The system is out of physical RAM or swap space
#   The process is running with CompressedOops enabled, and the Java Heap may be blocking the growth of the native heap
# Possible solutions:
#   Reduce memory load on the system
#   Increase physical memory or swap space
#   Check if swap backing store is full
#   Decrease Java heap size (-Xmx/-Xms)
#   Decrease number of Java threads
#   Decrease Java thread stack sizes (-Xss)
#   Set larger code cache with -XX:ReservedCodeCacheSize=
# This output file may be truncated or incomplete.
#
#  Out of Memory Error (./src/hotspot/os/windows/os_windows.cpp:3511), pid=2308, tid=4288
#
# JRE version:  (11.0.11+9) (build )
# Java VM: OpenJDK 64-Bit Server VM (11.0.11+9-b1504.16, mixed mode, sharing, tiered, compressed oops, g1 gc, windows-amd64)
# No core dump will be written. Minidumps are not enabled by default on client versions of Windows
#

---------------  S U M M A R Y ------------

Command Line: git4idea.http.GitAskPassApp Password for 'https://sushanprajapati@gitlab.com': 

Host: Intel(R) Core(TM) i5-5200U CPU @ 2.20GHz, 4 cores, 3G,  Windows 10 , 64 bit Build 19041 (10.0.19041.1348)
Time: Wed Jan  5 17:08:15 2022 Nepal Standard Time elapsed time: 0.055786 seconds (0d 0h 0m 0s)

---------------  T H R E A D  ---------------

Current thread (0x000001a7ec8ad000):  JavaThread "Unknown thread" [_thread_in_vm, id=4288, stack(0x000000331b000000,0x000000331b100000)]

Stack: [0x000000331b000000,0x000000331b100000]
Native frames: (J=compiled Java code, j=interpreted, Vv=VM code, C=native code)
V  [jvm.dll+0x5f5d5a]
V  [jvm.dll+0x7798b5]
V  [jvm.dll+0x77aecd]
V  [jvm.dll+0x77b583]
V  [jvm.dll+0x244978]
V  [jvm.dll+0x5f3174]
V  [jvm.dll+0x5e7d55]
V  [jvm.dll+0x30068b]
V  [jvm.dll+0x3005fa]
V  [jvm.dll+0x3004d2]
V  [jvm.dll+0x3053c6]
V  [jvm.dll+0x34e0a3]
V  [jvm.dll+0x34e7a6]
V  [jvm.dll+0x34e1a3]
V  [jvm.dll+0x2db0c8]
V  [jvm.dll+0x2dc267]
V  [jvm.dll+0x758057]
V  [jvm.dll+0x75984c]
V  [jvm.dll+0x35b659]
V  [jvm.dll+0x73b67e]
V  [jvm.dll+0x3c39f3]
V  [jvm.dll+0x3c5dd1]
C  [jli.dll+0x5373]
C  [ucrtbase.dll+0x21bb2]
C  [KERNEL32.DLL+0x17034]
C  [ntdll.dll+0x52651]


---------------  P R O C E S S  ---------------

Threads class SMR info:
_java_thread_list=0x000001a7ea7d13a0, length=0, elements={
}

Java Threads: ( => current thread )

Other Threads:
  0x000001a7ec8c5000 GCTaskThread "GC Thread#0" [stack: 0x000000331b100000,0x000000331b200000] [id=12384]
  0x000001a7ec8e1000 ConcurrentGCThread "G1 Main Marker" [stack: 0x000000331b200000,0x000000331b300000] [id=3996]
  0x000001a7ec8e2000 ConcurrentGCThread "G1 Conc#0" [stack: 0x000000331b300000,0x000000331b400000] [id=6164]

[error occurred during error reporting (printing all threads), id 0xc0000005, EXCEPTION_ACCESS_VIOLATION (0xc0000005) at pc=0x00007ff84efcb8f7]

VM state:not at safepoint (not fully initialized)

VM Mutex/Monitor currently owned by a thread:  ([mutex/lock_event])
[0x000001a7ec8a8bc0] Heap_lock - owner thread: 0x000001a7ec8ad000

Heap address: 0x00000000c1400000, size: 1004 MB, Compressed Oops mode: Non-zero based: 0x00000000c1400000
Narrow klass base: 0x0000000000000000, Narrow klass shift: 0

GC Heap History (0 events):
No events

Deoptimization events (0 events):
No events

Classes redefined (0 events):
No events

Internal exceptions (0 events):
No events

Events (1 events):
Event: 0.034 Loaded shared library C:\Program Files\JetBrains\IntelliJ IDEA 2021.2.1\jbr\bin\zip.dll


Dynamic libraries:
0x00007ff613fa0000 - 0x00007ff613faa000 	C:\Program Files\JetBrains\IntelliJ IDEA 2021.2.1\jbr\bin\java.exe
0x00007ff89c4d0000 - 0x00007ff89c6c5000 	C:\WINDOWS\SYSTEM32\ntdll.dll
0x00007ff89a680000 - 0x00007ff89a73e000 	C:\WINDOWS\System32\KERNEL32.DLL
0x00007ff899ee0000 - 0x00007ff89a1a8000 	C:\WINDOWS\System32\KERNELBASE.dll
0x00007ff899db0000 - 0x00007ff899eb0000 	C:\WINDOWS\System32\ucrtbase.dll
0x00007ff8840e0000 - 0x00007ff8840f9000 	C:\Program Files\JetBrains\IntelliJ IDEA 2021.2.1\jbr\bin\jli.dll
0x00007ff89b940000 - 0x00007ff89bae1000 	C:\WINDOWS\System32\USER32.dll
0x00007ff899eb0000 - 0x00007ff899ed2000 	C:\WINDOWS\System32\win32u.dll
0x00007ff89b8e0000 - 0x00007ff89b90b000 	C:\WINDOWS\System32\GDI32.dll
0x00007ff899c70000 - 0x00007ff899d7d000 	C:\WINDOWS\System32\gdi32full.dll
0x00007ff89a360000 - 0x00007ff89a3fd000 	C:\WINDOWS\System32\msvcp_win.dll
0x00007ff8840c0000 - 0x00007ff8840d7000 	C:\Program Files\JetBrains\IntelliJ IDEA 2021.2.1\jbr\bin\VCRUNTIME140.dll
0x00007ff898fb0000 - 0x00007ff89924a000 	C:\WINDOWS\WinSxS\amd64_microsoft.windows.common-controls_6595b64144ccf1df_6.0.19041.1110_none_60b5254171f9507e\COMCTL32.dll
0x00007ff89a540000 - 0x00007ff89a5de000 	C:\WINDOWS\System32\msvcrt.dll
0x00007ff89a510000 - 0x00007ff89a540000 	C:\WINDOWS\System32\IMM32.DLL
0x00007ff859970000 - 0x00007ff859a0d000 	C:\Program Files\JetBrains\IntelliJ IDEA 2021.2.1\jbr\bin\msvcp140.dll
0x00007ff84ece0000 - 0x00007ff84f82a000 	C:\Program Files\JetBrains\IntelliJ IDEA 2021.2.1\jbr\bin\server\jvm.dll
0x00007ff89a8f0000 - 0x00007ff89a99c000 	C:\WINDOWS\System32\ADVAPI32.dll
0x00007ff89a5e0000 - 0x00007ff89a67b000 	C:\WINDOWS\System32\sechost.dll
0x00007ff89b2f0000 - 0x00007ff89b41a000 	C:\WINDOWS\System32\RPCRT4.dll
0x00007ff89b4a0000 - 0x00007ff89b4a8000 	C:\WINDOWS\System32\PSAPI.DLL
0x00007ff8953a0000 - 0x00007ff8953a9000 	C:\WINDOWS\SYSTEM32\WSOCK32.dll
0x00007ff89c2f0000 - 0x00007ff89c35b000 	C:\WINDOWS\System32\WS2_32.dll
0x00007ff896d40000 - 0x00007ff896d4a000 	C:\WINDOWS\SYSTEM32\VERSION.dll
0x00007ff885530000 - 0x00007ff885557000 	C:\WINDOWS\SYSTEM32\WINMM.dll
0x00007ff896cd0000 - 0x00007ff896ce2000 	C:\WINDOWS\SYSTEM32\kernel.appcore.dll
0x00007ff869110000 - 0x00007ff869121000 	C:\Program Files\JetBrains\IntelliJ IDEA 2021.2.1\jbr\bin\verify.dll
0x00007ff899460000 - 0x00007ff899644000 	C:\WINDOWS\SYSTEM32\DBGHELP.DLL
0x00007ff899390000 - 0x00007ff8993bc000 	C:\WINDOWS\SYSTEM32\dbgcore.DLL
0x00007ff899be0000 - 0x00007ff899c62000 	C:\WINDOWS\System32\bcryptPrimitives.dll
0x00007ff867e20000 - 0x00007ff867e49000 	C:\Program Files\JetBrains\IntelliJ IDEA 2021.2.1\jbr\bin\java.dll
0x00007ff87d350000 - 0x00007ff87d35b000 	C:\Program Files\JetBrains\IntelliJ IDEA 2021.2.1\jbr\bin\jimage.dll
0x00007ff8675a0000 - 0x00007ff8675b8000 	C:\Program Files\JetBrains\IntelliJ IDEA 2021.2.1\jbr\bin\zip.dll

dbghelp: loaded successfully - version: 4.0.5 - missing functions: none
symbol engine: initialized successfully - sym options: 0x614 - pdb path: .;C:\Program Files\JetBrains\IntelliJ IDEA 2021.2.1\jbr\bin;C:\WINDOWS\SYSTEM32;C:\WINDOWS\WinSxS\amd64_microsoft.windows.common-controls_6595b64144ccf1df_6.0.19041.1110_none_60b5254171f9507e;C:\Program Files\JetBrains\IntelliJ IDEA 2021.2.1\jbr\bin\server

VM Arguments:
java_command: git4idea.http.GitAskPassApp Password for 'https://sushanprajapati@gitlab.com': 
java_class_path (initial): C:/Program Files/JetBrains/IntelliJ IDEA 2021.2.1/plugins/git4idea/lib/git4idea-rt.jar;C:/Program Files/JetBrains/IntelliJ IDEA 2021.2.1/lib/3rd-party.jar
Launcher Type: SUN_STANDARD

[Global flags]
     intx CICompilerCount                          = 3                                         {product} {ergonomic}
     uint ConcGCThreads                            = 1                                         {product} {ergonomic}
     uint G1ConcRefinementThreads                  = 4                                         {product} {ergonomic}
   size_t G1HeapRegionSize                         = 1048576                                   {product} {ergonomic}
    uintx GCDrainStackTargetSize                   = 64                                        {product} {ergonomic}
   size_t InitialHeapSize                          = 67108864                                  {product} {ergonomic}
   size_t MarkStackSize                            = 4194304                                   {product} {ergonomic}
   size_t MaxHeapSize                              = 1052770304                                {product} {ergonomic}
   size_t MinHeapDeltaBytes                        = 1048576                                   {product} {ergonomic}
    uintx NonNMethodCodeHeapSize                   = 5830732                                {pd product} {ergonomic}
    uintx NonProfiledCodeHeapSize                  = 122913754                              {pd product} {ergonomic}
    uintx ProfiledCodeHeapSize                     = 122913754                              {pd product} {ergonomic}
    uintx ReservedCodeCacheSize                    = 251658240                              {pd product} {ergonomic}
     bool SegmentedCodeCache                       = true                                      {product} {ergonomic}
     bool UseCompressedClassPointers               = true                                 {lp64_product} {ergonomic}
     bool UseCompressedOops                        = true                                 {lp64_product} {ergonomic}
     bool UseG1GC                                  = true                                      {product} {ergonomic}
     bool UseLargePagesIndividualAllocation        = false                                  {pd product} {ergonomic}

Logging:
Log output configuration:
 #0: stdout all=warning uptime,level,tags
 #1: stderr all=off uptime,level,tags

Environment Variables:
PATH=C:\Program Files\Git\mingw64\libexec\git-core;C:\Program Files\Git\mingw64\libexec\git-core;C:\Program Files\Git\mingw64\bin;C:\Program Files\Git\usr\bin;C:\Users\Lenovo\bin;C:\Program Files (x86)\Common Files\Oracle\Java\javapath;C:\WINDOWS\system32;C:\WINDOWS;C:\WINDOWS\System32\Wbem;C:\WINDOWS\System32\WindowsPowerShell\v1.0;C:\WINDOWS\System32\OpenSSH;C:\Program Files\Git\cmd;C:\Program Files\Microsoft SQL Server\Client SDK\ODBC\170\Tools\Binn;C:\Program Files\dotnet;C:\Program Files\nodejs;C:\Program Files (x86)\Microsoft SQL Server\150\Tools\Binn;C:\Program Files\Microsoft SQL Server\150\Tools\Binn;C:\Program Files\Microsoft SQL Server\150\DTS\Binn;C:\Program Files (x86)\Microsoft SQL Server\150\DTS\Binn;C:\Program Files\Azure Data Studio\bin;C:\Program Files (x86)\dotnet;C:\Users\Lenovo\AppData\Local\Microsoft\WindowsApps;C:\Users\Lenovo\.dotnet\tools;C:\Users\Lenovo\AppData\Roaming\npm;C:\Program Files\Azure Data Studio\bin
USERNAME=Lenovo
DISPLAY=:0.0
LC_ALL=en_US.UTF-8
OS=Windows_NT
PROCESSOR_IDENTIFIER=Intel64 Family 6 Model 61 Stepping 4, GenuineIntel



---------------  S Y S T E M  ---------------

OS: Windows 10 , 64 bit Build 19041 (10.0.19041.1348)
OS uptime: 2 days 20:08 hours

CPU:total 4 (initial active 4) (2 cores per cpu, 2 threads per core) family 6 model 61 stepping 4 microcode 0x2d, cmov, cx8, fxsr, mmx, sse, sse2, sse3, ssse3, sse4.1, sse4.2, popcnt, avx, avx2, aes, clmul, erms, 3dnowpref, lzcnt, ht, tsc, tscinvbit, bmi1, bmi2, adx, fma

Memory: 4k page, system-wide physical 4009M (235M free)
TotalPageFile size 16297M (AvailPageFile size 89M)
current process WorkingSet (physical memory assigned to process): 9M, peak: 9M
current process commit charge ("private bytes"): 51M, peak: 115M

vm_info: OpenJDK 64-Bit Server VM (11.0.11+9-b1504.16) for windows-amd64 JRE (11.0.11+9-b1504.16), built on Aug  9 2021 01:34:19 by "" with MS VC++ 14.0 (VS2015)

END.
